{"C:\\Users\\junio\\OneDrive\\node\\nodejs manguinho\\src\\presentation\\controllers\\signup.ts": {"path":"C:\\Users\\junio\\OneDrive\\node\\nodejs manguinho\\src\\presentation\\controllers\\signup.ts","all":false,"statementMap":{"0":{"start":{"line":1,"column":0},"end":{"line":1,"column":59}},"1":{"start":{"line":2,"column":0},"end":{"line":2,"column":64}},"2":{"start":{"line":3,"column":0},"end":{"line":3,"column":63}},"3":{"start":{"line":4,"column":0},"end":{"line":4,"column":62}},"4":{"start":{"line":5,"column":0},"end":{"line":5,"column":50}},"5":{"start":{"line":6,"column":0},"end":{"line":6,"column":59}},"6":{"start":{"line":7,"column":0},"end":{"line":7,"column":0}},"7":{"start":{"line":8,"column":0},"end":{"line":8,"column":52}},"8":{"start":{"line":9,"column":0},"end":{"line":9,"column":50}},"9":{"start":{"line":10,"column":0},"end":{"line":10,"column":0}},"10":{"start":{"line":11,"column":0},"end":{"line":11,"column":49}},"11":{"start":{"line":12,"column":0},"end":{"line":12,"column":45}},"12":{"start":{"line":13,"column":0},"end":{"line":13,"column":5}},"13":{"start":{"line":14,"column":0},"end":{"line":14,"column":0}},"14":{"start":{"line":15,"column":0},"end":{"line":15,"column":52}},"15":{"start":{"line":16,"column":0},"end":{"line":16,"column":0}},"16":{"start":{"line":17,"column":0},"end":{"line":17,"column":12}},"17":{"start":{"line":18,"column":0},"end":{"line":18,"column":0}},"18":{"start":{"line":19,"column":0},"end":{"line":19,"column":88}},"19":{"start":{"line":20,"column":0},"end":{"line":20,"column":49}},"20":{"start":{"line":21,"column":0},"end":{"line":21,"column":47}},"21":{"start":{"line":22,"column":0},"end":{"line":22,"column":67}},"22":{"start":{"line":23,"column":0},"end":{"line":23,"column":17}},"23":{"start":{"line":24,"column":0},"end":{"line":24,"column":13}},"24":{"start":{"line":25,"column":0},"end":{"line":25,"column":80}},"25":{"start":{"line":26,"column":0},"end":{"line":26,"column":27}},"26":{"start":{"line":27,"column":0},"end":{"line":27,"column":65}},"27":{"start":{"line":28,"column":0},"end":{"line":28,"column":13}},"28":{"start":{"line":29,"column":0},"end":{"line":29,"column":22}},"29":{"start":{"line":30,"column":0},"end":{"line":30,"column":33}},"30":{"start":{"line":31,"column":0},"end":{"line":31,"column":9}},"31":{"start":{"line":32,"column":0},"end":{"line":32,"column":5}},"32":{"start":{"line":33,"column":0},"end":{"line":33,"column":1}}},"s":{"0":1,"1":1,"2":1,"3":1,"4":1,"5":1,"6":1,"7":1,"8":1,"9":1,"10":1,"11":7,"12":7,"13":1,"14":1,"15":7,"16":7,"17":7,"18":7,"19":7,"20":22,"21":4,"22":4,"23":22,"24":3,"25":7,"26":1,"27":1,"28":7,"29":1,"30":1,"31":7,"32":1},"branchMap":{"0":{"type":"branch","line":11,"loc":{"start":{"line":11,"column":4},"end":{"line":13,"column":5}},"locations":[{"start":{"line":11,"column":4},"end":{"line":13,"column":5}}]},"1":{"type":"branch","line":15,"loc":{"start":{"line":15,"column":4},"end":{"line":32,"column":5}},"locations":[{"start":{"line":15,"column":4},"end":{"line":32,"column":5}}]},"2":{"type":"branch","line":20,"loc":{"start":{"line":20,"column":48},"end":{"line":24,"column":13}},"locations":[{"start":{"line":20,"column":48},"end":{"line":24,"column":13}}]},"3":{"type":"branch","line":21,"loc":{"start":{"line":21,"column":46},"end":{"line":23,"column":17}},"locations":[{"start":{"line":21,"column":46},"end":{"line":23,"column":17}}]},"4":{"type":"branch","line":25,"loc":{"start":{"line":25,"column":-2},"end":{"line":26,"column":26}},"locations":[{"start":{"line":25,"column":-2},"end":{"line":26,"column":26}}]},"5":{"type":"branch","line":26,"loc":{"start":{"line":26,"column":26},"end":{"line":28,"column":13}},"locations":[{"start":{"line":26,"column":26},"end":{"line":28,"column":13}}]},"6":{"type":"branch","line":29,"loc":{"start":{"line":29,"column":9},"end":{"line":31,"column":9}},"locations":[{"start":{"line":29,"column":9},"end":{"line":31,"column":9}}]}},"b":{"0":[7],"1":[7],"2":[22],"3":[4],"4":[3],"5":[1],"6":[1]},"fnMap":{"0":{"name":"SignupController","decl":{"start":{"line":11,"column":4},"end":{"line":13,"column":5}},"loc":{"start":{"line":11,"column":4},"end":{"line":13,"column":5}},"line":11},"1":{"name":"handle","decl":{"start":{"line":15,"column":4},"end":{"line":32,"column":5}},"loc":{"start":{"line":15,"column":4},"end":{"line":32,"column":5}},"line":15}},"f":{"0":7,"1":7}}
,"C:\\Users\\junio\\OneDrive\\node\\nodejs manguinho\\src\\presentation\\helpers\\http-helper.ts": {"path":"C:\\Users\\junio\\OneDrive\\node\\nodejs manguinho\\src\\presentation\\helpers\\http-helper.ts","all":false,"statementMap":{"0":{"start":{"line":1,"column":0},"end":{"line":1,"column":52}},"1":{"start":{"line":2,"column":0},"end":{"line":2,"column":46}},"2":{"start":{"line":3,"column":0},"end":{"line":3,"column":60}},"3":{"start":{"line":4,"column":0},"end":{"line":4,"column":20}},"4":{"start":{"line":5,"column":0},"end":{"line":5,"column":15}},"5":{"start":{"line":6,"column":0},"end":{"line":6,"column":2}},"6":{"start":{"line":7,"column":0},"end":{"line":7,"column":0}},"7":{"start":{"line":8,"column":0},"end":{"line":8,"column":49}},"8":{"start":{"line":9,"column":0},"end":{"line":9,"column":20}},"9":{"start":{"line":10,"column":0},"end":{"line":10,"column":25}},"10":{"start":{"line":11,"column":0},"end":{"line":11,"column":2}}},"s":{"0":1,"1":1,"2":1,"3":5,"4":5,"5":5,"6":1,"7":1,"8":1,"9":1,"10":1},"branchMap":{"0":{"type":"branch","line":3,"loc":{"start":{"line":3,"column":26},"end":{"line":6,"column":2}},"locations":[{"start":{"line":3,"column":26},"end":{"line":6,"column":2}}]},"1":{"type":"branch","line":8,"loc":{"start":{"line":8,"column":27},"end":{"line":11,"column":2}},"locations":[{"start":{"line":8,"column":27},"end":{"line":11,"column":2}}]}},"b":{"0":[5],"1":[1]},"fnMap":{"0":{"name":"badRequest","decl":{"start":{"line":3,"column":26},"end":{"line":6,"column":2}},"loc":{"start":{"line":3,"column":26},"end":{"line":6,"column":2}},"line":3},"1":{"name":"serverError","decl":{"start":{"line":8,"column":27},"end":{"line":11,"column":2}},"loc":{"start":{"line":8,"column":27},"end":{"line":11,"column":2}},"line":8}},"f":{"0":5,"1":1}}
}
