TN:
SF:src\presentation\controllers\signup.ts
FN:11,SignupController
FN:15,handle
FNF:2
FNH:2
FNDA:7,SignupController
FNDA:7,handle
DA:1,1
DA:2,1
DA:3,1
DA:4,1
DA:5,1
DA:6,1
DA:7,1
DA:8,1
DA:9,1
DA:10,1
DA:11,1
DA:12,7
DA:13,7
DA:14,1
DA:15,1
DA:16,7
DA:17,7
DA:18,7
DA:19,7
DA:20,7
DA:21,22
DA:22,4
DA:23,4
DA:24,22
DA:25,3
DA:26,7
DA:27,1
DA:28,1
DA:29,7
DA:30,1
DA:31,1
DA:32,7
DA:33,1
LF:33
LH:33
BRDA:11,0,0,7
BRDA:15,1,0,7
BRDA:20,2,0,22
BRDA:21,3,0,4
BRDA:25,4,0,3
BRDA:26,5,0,1
BRDA:29,6,0,1
BRF:7
BRH:7
end_of_record
TN:
SF:src\presentation\helpers\http-helper.ts
FN:3,badRequest
FN:8,serverError
FNF:2
FNH:2
FNDA:5,badRequest
FNDA:1,serverError
DA:1,1
DA:2,1
DA:3,1
DA:4,5
DA:5,5
DA:6,5
DA:7,1
DA:8,1
DA:9,1
DA:10,1
DA:11,1
LF:11
LH:11
BRDA:3,0,0,5
BRDA:8,1,0,1
BRF:2
BRH:2
end_of_record
